0 info it worked if it ends with ok
1 verbose cli [ '/usr/local/bin/node',
1 verbose cli   '/usr/local/bin/npm',
1 verbose cli   'install',
1 verbose cli   'inotify' ]
2 info using npm@2.14.4
3 info using node@v4.1.2
4 verbose install initial load of /Users/nicholasveith/projects/brightblackbox/pensiondata/package.json
5 verbose readDependencies loading dependencies from /Users/nicholasveith/projects/brightblackbox/pensiondata/package.json
6 silly cache add args [ 'inotify', null ]
7 verbose cache add spec inotify
8 silly cache add parsed spec Result {
8 silly cache add   raw: 'inotify',
8 silly cache add   scope: null,
8 silly cache add   name: 'inotify',
8 silly cache add   rawSpec: '',
8 silly cache add   spec: '*',
8 silly cache add   type: 'range' }
9 silly addNamed inotify@*
10 verbose addNamed "*" is a valid semver range for inotify
11 silly addNameRange { name: 'inotify', range: '*', hasData: false }
12 silly mapToRegistry name inotify
13 silly mapToRegistry using default registry
14 silly mapToRegistry registry https://registry.npmjs.org/
15 silly mapToRegistry uri https://registry.npmjs.org/inotify
16 verbose addNameRange registry:https://registry.npmjs.org/inotify not in flight; fetching
17 verbose request uri https://registry.npmjs.org/inotify
18 verbose request no auth needed
19 info attempt registry request try #1 at 1:21:46 AM
20 verbose request id b79d46a4a0f9b7e8
21 http request GET https://registry.npmjs.org/inotify
22 http 200 https://registry.npmjs.org/inotify
23 silly get cb [ 200,
23 silly get   { server: 'nginx/1.10.3',
23 silly get     'content-type': 'application/json',
23 silly get     'last-modified': 'Sun, 02 Apr 2017 19:23:48 GMT',
23 silly get     etag: 'W/"58e14fc4-721f"',
23 silly get     'content-encoding': 'gzip',
23 silly get     'cache-control': 'max-age=300',
23 silly get     'content-length': '5797',
23 silly get     'accept-ranges': 'bytes',
23 silly get     date: 'Tue, 29 Aug 2017 07:21:47 GMT',
23 silly get     via: '1.1 varnish',
23 silly get     age: '0',
23 silly get     connection: 'keep-alive',
23 silly get     'x-served-by': 'cache-den6023-DEN',
23 silly get     'x-cache': 'MISS',
23 silly get     'x-cache-hits': '0',
23 silly get     'x-timer': 'S1503991307.231559,VS0,VE214',
23 silly get     vary: 'Accept-Encoding, Accept' } ]
24 verbose get saving inotify to /Users/nicholasveith/.npm/registry.npmjs.org/inotify/.cache.json
25 silly addNameRange number 2 { name: 'inotify', range: '*', hasData: true }
26 silly addNameRange versions [ 'inotify',
26 silly addNameRange   [ '0.1.2',
26 silly addNameRange     '0.1.3',
26 silly addNameRange     '0.1.4',
26 silly addNameRange     '0.1.5',
26 silly addNameRange     '0.1.6',
26 silly addNameRange     '0.1.7',
26 silly addNameRange     '0.1.8',
26 silly addNameRange     '0.2.0',
26 silly addNameRange     '0.2.1',
26 silly addNameRange     '0.2.2',
26 silly addNameRange     '1.0.0',
26 silly addNameRange     '1.1.0',
26 silly addNameRange     '1.2.0',
26 silly addNameRange     '1.2.1',
26 silly addNameRange     '1.3.0',
26 silly addNameRange     '1.4.0',
26 silly addNameRange     '1.4.1' ] ]
27 silly addNamed inotify@1.4.1
28 verbose addNamed "1.4.1" is a plain semver version for inotify
29 silly mapToRegistry name inotify
30 silly mapToRegistry using default registry
31 silly mapToRegistry registry https://registry.npmjs.org/
32 silly mapToRegistry uri https://registry.npmjs.org/inotify
33 verbose addRemoteTarball https://registry.npmjs.org/inotify/-/inotify-1.4.1.tgz not in flight; adding
34 verbose addRemoteTarball [ 'https://registry.npmjs.org/inotify/-/inotify-1.4.1.tgz',
34 verbose addRemoteTarball   '8abdeb7ee9cbc291542a252df00d848b2a8f9287' ]
35 info retry fetch attempt 1 at 1:21:47 AM
36 info attempt registry request try #1 at 1:21:47 AM
37 http fetch GET https://registry.npmjs.org/inotify/-/inotify-1.4.1.tgz
38 http fetch 200 https://registry.npmjs.org/inotify/-/inotify-1.4.1.tgz
39 silly fetchAndShaCheck shasum 8abdeb7ee9cbc291542a252df00d848b2a8f9287
40 verbose addTmpTarball /var/folders/48/6kdfy53d0118nrgk017fq9fr0000gn/T/npm-21516-fc28996a/registry.npmjs.org/inotify/-/inotify-1.4.1.tgz not in flight; adding
41 verbose addTmpTarball already have metadata; skipping unpack for inotify@1.4.1
42 silly cache afterAdd inotify@1.4.1
43 verbose afterAdd /Users/nicholasveith/.npm/inotify/1.4.1/package/package.json not in flight; writing
44 verbose afterAdd /Users/nicholasveith/.npm/inotify/1.4.1/package/package.json written
45 silly install resolved [ { name: 'inotify',
45 silly install resolved     version: '1.4.1',
45 silly install resolved     author: { name: 'Camilo Aguilar', email: 'camilo.aguilar@gmail.com' },
45 silly install resolved     email: 'camilo.aguilar@gmail.com',
45 silly install resolved     keywords:
45 silly install resolved      [ 'inotify',
45 silly install resolved        'watch',
45 silly install resolved        'monitor',
45 silly install resolved        'watch files',
45 silly install resolved        'watch directories' ],
45 silly install resolved     license: 'MIT',
45 silly install resolved     description: 'inotify bindings for v8 javascript engine',
45 silly install resolved     repository:
45 silly install resolved      { type: 'git',
45 silly install resolved        url: 'git+ssh://git@github.com/c4milo/node-inotify.git' },
45 silly install resolved     os: [ 'linux' ],
45 silly install resolved     engines: { node: '>=0.8' },
45 silly install resolved     main: 'inotify',
45 silly install resolved     dependencies: { bindings: '^1.2.1', nan: '^2.3.3' },
45 silly install resolved     scripts:
45 silly install resolved      { test: 'node-gyp configure build',
45 silly install resolved        install: 'node-gyp rebuild' },
45 silly install resolved     gypfile: true,
45 silly install resolved     contributors:
45 silly install resolved      [ [Object],
45 silly install resolved        [Object],
45 silly install resolved        [Object],
45 silly install resolved        [Object],
45 silly install resolved        [Object],
45 silly install resolved        [Object],
45 silly install resolved        [Object],
45 silly install resolved        [Object],
45 silly install resolved        [Object],
45 silly install resolved        [Object] ],
45 silly install resolved     gitHead: 'c1416dfada3ca4f3fb40e65eededc52461822ec5',
45 silly install resolved     bugs: { url: 'https://github.com/c4milo/node-inotify/issues' },
45 silly install resolved     homepage: 'https://github.com/c4milo/node-inotify#readme',
45 silly install resolved     _id: 'inotify@1.4.1',
45 silly install resolved     _shasum: '8abdeb7ee9cbc291542a252df00d848b2a8f9287',
45 silly install resolved     _from: 'inotify@*',
45 silly install resolved     _npmVersion: '3.8.6',
45 silly install resolved     _nodeVersion: '5.11.0',
45 silly install resolved     _npmUser: { name: 'c4milo', email: 'camilo.aguilar@gmail.com' },
45 silly install resolved     maintainers: [ [Object], [Object] ],
45 silly install resolved     dist:
45 silly install resolved      { shasum: '8abdeb7ee9cbc291542a252df00d848b2a8f9287',
45 silly install resolved        tarball: 'https://registry.npmjs.org/inotify/-/inotify-1.4.1.tgz' },
45 silly install resolved     _npmOperationalInternal:
45 silly install resolved      { host: 'packages-16-east.internal.npmjs.com',
45 silly install resolved        tmp: 'tmp/inotify-1.4.1.tgz_1462444544613_0.7660284182056785' },
45 silly install resolved     directories: {},
45 silly install resolved     _resolved: 'https://registry.npmjs.org/inotify/-/inotify-1.4.1.tgz' } ]
46 info install inotify@1.4.1 into /Users/nicholasveith/projects/brightblackbox/pensiondata
47 info installOne inotify@1.4.1
48 verbose installOne of inotify to /Users/nicholasveith/projects/brightblackbox/pensiondata not in flight; installing
49 verbose lock using /Users/nicholasveith/.npm/_locks/inotify-1ef79747ea0beabe.lock for /Users/nicholasveith/projects/brightblackbox/pensiondata/node_modules/inotify
50 verbose unlock done using /Users/nicholasveith/.npm/_locks/inotify-1ef79747ea0beabe.lock for /Users/nicholasveith/projects/brightblackbox/pensiondata/node_modules/inotify
51 verbose stack Error: Unsupported
51 verbose stack     at checkPlatform (/usr/local/lib/node_modules/npm/node_modules/npm-install-checks/index.js:47:14)
51 verbose stack     at Array.<anonymous> (/usr/local/lib/node_modules/npm/node_modules/slide/lib/bind-actor.js:15:8)
51 verbose stack     at LOOP (/usr/local/lib/node_modules/npm/node_modules/slide/lib/chain.js:15:14)
51 verbose stack     at /usr/local/lib/node_modules/npm/node_modules/slide/lib/chain.js:18:7
51 verbose stack     at checkEngine (/usr/local/lib/node_modules/npm/node_modules/npm-install-checks/index.js:26:10)
51 verbose stack     at Array.<anonymous> (/usr/local/lib/node_modules/npm/node_modules/slide/lib/bind-actor.js:15:8)
51 verbose stack     at LOOP (/usr/local/lib/node_modules/npm/node_modules/slide/lib/chain.js:15:14)
51 verbose stack     at chain (/usr/local/lib/node_modules/npm/node_modules/slide/lib/chain.js:20:5)
51 verbose stack     at /usr/local/lib/node_modules/npm/lib/install.js:1038:5
51 verbose stack     at /usr/local/lib/node_modules/npm/lib/utils/locker.js:39:7
52 verbose pkgid inotify@1.4.1
53 verbose cwd /Users/nicholasveith/projects/brightblackbox/pensiondata
54 error Darwin 14.5.0
55 error argv "/usr/local/bin/node" "/usr/local/bin/npm" "install" "inotify"
56 error node v4.1.2
57 error npm  v2.14.4
58 error code EBADPLATFORM
59 error notsup Unsupported
59 error notsup Not compatible with your operating system or architecture: inotify@1.4.1
59 error notsup Valid OS:    linux
59 error notsup Valid Arch:  any
59 error notsup Actual OS:   darwin
59 error notsup Actual Arch: x64
60 verbose exit [ 1, true ]
